<?xml version="1.0" encoding="UTF-8" standalone="no"?>
<!DOCTYPE log SYSTEM "logger.dtd">
<log>
<record>
  <date>2022-03-25T12:11:46.870909700Z</date>
  <millis>1648210306870</millis>
  <nanos>909700</nanos>
  <sequence>0</sequence>
  <logger>calculator.CalculatorLogger</logger>
  <level>INFO</level>
  <class>calculator.CalculatorLogger</class>
  <method>logInitialization</method>
  <thread>1</thread>
  <message>Initialized (Context)</message>
</record>
<record>
  <date>2022-03-25T12:11:46.908918400Z</date>
  <millis>1648210306908</millis>
  <nanos>918400</nanos>
  <sequence>1</sequence>
  <logger>calculator.CalculatorLogger</logger>
  <level>INFO</level>
  <class>calculator.CalculatorLogger</class>
  <method>logInitialization</method>
  <thread>1</thread>
  <message>Initialized (OperationsCreator)</message>
</record>
<record>
  <date>2022-03-25T12:11:46.909919Z</date>
  <millis>1648210306909</millis>
  <nanos>919000</nanos>
  <sequence>2</sequence>
  <logger>calculator.CalculatorLogger</logger>
  <level>INFO</level>
  <class>calculator.CalculatorLogger</class>
  <method>logInitialization</method>
  <thread>1</thread>
  <message>Initialized (Calculator)</message>
</record>
<record>
  <date>2022-03-25T12:11:46.917922800Z</date>
  <millis>1648210306917</millis>
  <nanos>922800</nanos>
  <sequence>3</sequence>
  <logger>calculator.CalculatorLogger</logger>
  <level>INFO</level>
  <class>calculator.CalculatorLogger</class>
  <method>logOperation</method>
  <thread>1</thread>
  <message>push -2 to stack</message>
</record>
<record>
  <date>2022-03-25T12:11:46.919926200Z</date>
  <millis>1648210306919</millis>
  <nanos>926200</nanos>
  <sequence>4</sequence>
  <logger>calculator.CalculatorLogger</logger>
  <level>INFO</level>
  <class>calculator.CalculatorLogger</class>
  <method>logOperation</method>
  <thread>1</thread>
  <message>define a as 4.5</message>
</record>
<record>
  <date>2022-03-25T12:11:46.919926200Z</date>
  <millis>1648210306919</millis>
  <nanos>926200</nanos>
  <sequence>5</sequence>
  <logger>calculator.CalculatorLogger</logger>
  <level>INFO</level>
  <class>calculator.CalculatorLogger</class>
  <method>logOperation</method>
  <thread>1</thread>
  <message>push a to stack</message>
</record>
<record>
  <date>2022-03-25T12:11:46.921937900Z</date>
  <millis>1648210306921</millis>
  <nanos>937900</nanos>
  <sequence>6</sequence>
  <logger>calculator.CalculatorLogger</logger>
  <level>INFO</level>
  <class>calculator.CalculatorLogger</class>
  <method>logOperation</method>
  <thread>1</thread>
  <message>sum -2.0 and 4.5. put 2.5 in stack</message>
</record>
<record>
  <date>2022-03-25T12:11:46.922922700Z</date>
  <millis>1648210306922</millis>
  <nanos>922700</nanos>
  <sequence>7</sequence>
  <logger>calculator.CalculatorLogger</logger>
  <level>INFO</level>
  <class>calculator.CalculatorLogger</class>
  <method>logOperation</method>
  <thread>1</thread>
  <message>push 2 to stack</message>
</record>
<record>
  <date>2022-03-25T12:11:46.923922500Z</date>
  <millis>1648210306923</millis>
  <nanos>922500</nanos>
  <sequence>8</sequence>
  <logger>calculator.CalculatorLogger</logger>
  <level>INFO</level>
  <class>calculator.CalculatorLogger</class>
  <method>logOperation</method>
  <thread>1</thread>
  <message>multiply 2.5 and 2.0. put 5.0 in stack</message>
</record>
<record>
  <date>2022-03-25T12:11:46.924922200Z</date>
  <millis>1648210306924</millis>
  <nanos>922200</nanos>
  <sequence>9</sequence>
  <logger>calculator.CalculatorLogger</logger>
  <level>INFO</level>
  <class>calculator.CalculatorLogger</class>
  <method>logOperation</method>
  <thread>1</thread>
  <message>print 5.0</message>
</record>
<record>
  <date>2022-03-25T12:11:46.926923Z</date>
  <millis>1648210306926</millis>
  <nanos>923000</nanos>
  <sequence>10</sequence>
  <logger>calculator.CalculatorLogger</logger>
  <level>INFO</level>
  <class>calculator.CalculatorLogger</class>
  <method>logOperation</method>
  <thread>1</thread>
  <message>pop 5.0 from stack</message>
</record>
<record>
  <date>2022-03-25T12:11:46.927922Z</date>
  <millis>1648210306927</millis>
  <nanos>922000</nanos>
  <sequence>11</sequence>
  <logger>calculator.CalculatorLogger</logger>
  <level>SEVERE</level>
  <class>calculator.CalculatorLogger</class>
  <method>logError</method>
  <thread>1</thread>
  <message>exceptions.EmptyStackException Pop: no values in stack</message>
</record>
</log>
